2025-12-01 01:51:14,124 - INFO - EmailReceiver.connect çalýþtý: 2.774s
2025-12-01 01:51:14,125 - INFO - EmailReceiver.__init__ çalýþtý: 2.775s
2025-12-01 01:51:19,048 - INFO - EmailReceiver.fetch_mails çalýþtý: 4.797s, mail sayýsý: 100, toplam boyut: 6403004 byte
2025-12-01 01:54:15,932 - INFO - EmailReceiver.connect çalýþtý: 0.813s
2025-12-01 01:54:15,932 - INFO - EmailReceiver.__init__ çalýþtý: 0.813s
2025-12-01 01:54:19,820 - INFO - EmailReceiver.fetch_mails çalýþtý: 3.767s, mail sayýsý: 100, toplam boyut: 6403004 byte
2025-12-01 01:54:49,586 - INFO - HTTP Request: GET http://localhost:6333 "HTTP/1.1 200 OK"
2025-12-01 01:54:49,589 - INFO - HTTP Request: GET http://localhost:6333/collections/emails/exists "HTTP/1.1 200 OK"
2025-12-01 02:00:38,099 - INFO - EmailReceiver.connect çalýþtý: 0.639s
2025-12-01 02:00:38,100 - INFO - EmailReceiver.__init__ çalýþtý: 0.639s
2025-12-01 02:00:42,104 - INFO - EmailReceiver.fetch_mails çalýþtý: 3.880s, mail sayýsý: 100, toplam boyut: 6403004 byte
2025-12-01 02:01:13,005 - INFO - HTTP Request: GET http://localhost:6333 "HTTP/1.1 200 OK"
2025-12-01 02:01:13,020 - INFO - HTTP Request: GET http://localhost:6333/collections/emails/exists "HTTP/1.1 200 OK"
2025-12-01 02:12:24,501 - INFO - EmailReceiver.connect çalýþtý: 0.908s
2025-12-01 02:12:24,501 - INFO - EmailReceiver.__init__ çalýþtý: 0.908s
2025-12-01 02:12:29,080 - INFO - EmailReceiver.fetch_mails çalýþtý: 4.445s, mail sayýsý: 100, toplam boyut: 6403004 byte
2025-12-01 02:12:59,458 - INFO - HTTP Request: GET http://localhost:6333 "HTTP/1.1 200 OK"
2025-12-01 02:12:59,482 - INFO - HTTP Request: GET http://localhost:6333/collections/emails/exists "HTTP/1.1 200 OK"
2025-12-01 02:13:56,722 - INFO - EmailReceiver.connect çalýþtý: 0.886s
2025-12-01 02:13:56,722 - INFO - EmailReceiver.__init__ çalýþtý: 0.886s
2025-12-01 02:14:00,779 - INFO - EmailReceiver.fetch_mails çalýþtý: 3.937s, mail sayýsý: 100, toplam boyut: 6403004 byte
2025-12-01 02:14:31,470 - INFO - HTTP Request: GET http://localhost:6333 "HTTP/1.1 200 OK"
2025-12-01 02:14:31,494 - INFO - HTTP Request: GET http://localhost:6333/collections/emails/exists "HTTP/1.1 200 OK"
2025-12-01 02:19:06,399 - INFO - EmailReceiver.connect çalýþtý: 0.838s
2025-12-01 02:19:06,401 - INFO - EmailReceiver.__init__ çalýþtý: 0.838s
2025-12-01 02:19:09,882 - INFO - EmailReceiver.fetch_mails çalýþtý: 3.361s, mail sayýsý: 100, toplam boyut: 6403004 byte
2025-12-01 02:19:42,178 - INFO - HTTP Request: GET http://localhost:6333 "HTTP/1.1 200 OK"
2025-12-01 02:19:42,193 - INFO - HTTP Request: GET http://localhost:6333/collections/emails/exists "HTTP/1.1 200 OK"
2025-12-01 02:23:22,205 - INFO - HTTP Request: POST http://localhost:6333/collections/emails/points/search "HTTP/1.1 200 OK"
2025-12-01 02:24:56,743 - INFO - EmailReceiver.connect çalýþtý: 0.844s
2025-12-01 02:24:56,743 - INFO - EmailReceiver.__init__ çalýþtý: 0.845s
2025-12-01 02:25:01,760 - INFO - EmailReceiver.fetch_mails çalýþtý: 4.843s, mail sayýsý: 100, toplam boyut: 6403004 byte
2025-12-01 02:25:34,380 - INFO - HTTP Request: GET http://localhost:6333 "HTTP/1.1 200 OK"
2025-12-01 02:25:34,382 - INFO - HTTP Request: GET http://localhost:6333/collections/emails/exists "HTTP/1.1 200 OK"
2025-12-01 02:29:02,614 - INFO - HTTP Request: POST http://localhost:6333/collections/emails/points/search "HTTP/1.1 200 OK"
2025-12-01 02:29:06,791 - INFO - HTTP Request: POST http://localhost:6333/collections/emails/points/search "HTTP/1.1 200 OK"
2025-12-01 02:29:57,179 - INFO - EmailReceiver.connect çalýþtý: 0.702s
2025-12-01 02:29:57,180 - INFO - EmailReceiver.__init__ çalýþtý: 0.702s
2025-12-01 02:30:01,217 - INFO - EmailReceiver.fetch_mails çalýþtý: 3.869s, mail sayýsý: 100, toplam boyut: 6403004 byte
2025-12-01 02:30:33,836 - INFO - HTTP Request: GET http://localhost:6333 "HTTP/1.1 200 OK"
2025-12-01 02:30:33,860 - INFO - HTTP Request: GET http://localhost:6333/collections/emails/exists "HTTP/1.1 200 OK"
2025-12-01 02:32:37,260 - INFO - HTTP Request: POST http://localhost:6333/collections/emails/points/search "HTTP/1.1 200 OK"
2025-12-01 02:37:01,774 - INFO - HTTP Request: POST http://localhost:6333/collections/emails/points/search "HTTP/1.1 200 OK"
